<?xml version="1.0" encoding="UTF-8"?>
<!-- Generated by org.testng.reporters.JUnitReportReporter -->
<testsuite hostname="null-MBP.lan" failures="0" tests="1" name="test.SponsorLinkValidation" time="23.757" errors="0" timestamp="2023-10-23T17:57:56 GMT-07:00" skipped="0">
  <testcase classname="test.SponsorLinkValidation" name="validateSponsoredLink" time="23.757"/>
</testsuite> <!-- test.SponsorLinkValidation -->
