<?xml version="1.0" encoding="UTF-8"?>
<!-- Generated by org.testng.reporters.JUnitReportReporter -->
<testsuite hostname="null-MBP.lan" failures="0" tests="3" name="test.SearchPageValidation" time="12.424" errors="0" timestamp="2023-10-23T17:57:56 GMT-07:00" skipped="0">
  <testcase classname="test.SearchPageValidation" name="validateSearchResult" time="3.256"/>
  <testcase classname="test.SearchPageValidation" name="validatePrice" time="0.145"/>
  <testcase classname="test.SearchPageValidation" name="validateNavigation" time="9.023"/>
</testsuite> <!-- test.SearchPageValidation -->
