<?xml version="1.0" encoding="UTF-8"?>
<!-- Generated by org.testng.reporters.JUnitReportReporter -->
<testsuite hostname="null-MBP.lan" failures="0" tests="2" name="test.LandingValidation" time="0.154" errors="0" timestamp="2023-10-23T17:57:56 GMT-07:00" skipped="0">
  <testcase classname="test.LandingValidation" name="validateUrl" time="0.084"/>
  <testcase classname="test.LandingValidation" name="validateTitle" time="0.070"/>
</testsuite> <!-- test.LandingValidation -->
