<?xml version="1.0" encoding="UTF-8"?>
<!-- Generated by org.testng.reporters.JUnitReportReporter -->
<testsuite hostname="null-MBP.lan" failures="0" tests="4" name="test.LandingPageValidation" time="15.437" errors="0" timestamp="2023-10-23T17:57:56 GMT-07:00" skipped="0">
  <testcase classname="test.LandingPageValidation" name="validateNewReleases" time="4.148"/>
  <testcase classname="test.LandingPageValidation" name="validateWishList" time="4.075"/>
  <testcase classname="test.LandingPageValidation" name="validatePrime" time="3.149"/>
  <testcase classname="test.LandingPageValidation" name="validateSearch" time="4.065"/>
</testsuite> <!-- test.LandingPageValidation -->
