<?xml version="1.0" encoding="UTF-8"?>
<!-- Generated by org.testng.reporters.JUnitReportReporter -->
<testsuite hostname="null-MBP.lan" failures="0" tests="2" name="base.Base" time="0.017" errors="0" timestamp="2023-10-22T17:25:53 GMT-07:00" skipped="0">
  <testcase classname="base.Base" name="f" time="0.012"/>
  <testcase classname="base.Base" name="f" time="0.005"/>
</testsuite> <!-- base.Base -->
