<?xml version="1.0" encoding="UTF-8"?>
<!-- Generated by org.testng.reporters.JUnitReportReporter -->
<testsuite hostname="null-MBP.lan" failures="0" tests="2" name="test.AddToCartTestValidation" time="20.164" errors="0" timestamp="2023-10-23T17:57:56 GMT-07:00" skipped="0">
  <testcase classname="test.AddToCartTestValidation" name="validateAddToCart" time="13.702"/>
  <testcase classname="test.AddToCartTestValidation" name="validateProceedToCheckout" time="6.462"/>
</testsuite> <!-- test.AddToCartTestValidation -->
